  title.cpp
  tcp_client.cpp
  sound.cpp
  score.cpp
e:\desktop\employmentactivities\提出用共有ファイル\masalaworks\吉田学園情報ビジネス専門学校＿東村哲士\作品1\コード\a game like invader\score.cpp(54): warning C4244: '引数': 'int' から 'FLOAT' への変換です。データが失われる可能性があります。
e:\desktop\employmentactivities\提出用共有ファイル\masalaworks\吉田学園情報ビジネス専門学校＿東村哲士\作品1\コード\a game like invader\score.cpp(110): warning C4244: '引数': 'int' から 'float' への変換です。データが失われる可能性があります。
e:\desktop\employmentactivities\提出用共有ファイル\masalaworks\吉田学園情報ビジネス専門学校＿東村哲士\作品1\コード\a game like invader\score.cpp(122): warning C4244: '引数': 'int' から 'float' への変換です。データが失われる可能性があります。
  scene2D.cpp
e:\desktop\employmentactivities\提出用共有ファイル\masalaworks\吉田学園情報ビジネス専門学校＿東村哲士\作品1\コード\a game like invader\scene2d.cpp(184): warning C4244: '=': 'double' から 'float' への変換です。データが失われる可能性があります。
  result.cpp
  renderer.cpp
  ranking.cpp
  player.cpp
  object.cpp
  number.cpp
  message.cpp
  math.cpp
  manager.cpp
e:\desktop\employmentactivities\提出用共有ファイル\masalaworks\吉田学園情報ビジネス専門学校＿東村哲士\作品1\コード\a game like invader\manager.cpp(166): warning C4244: '引数': 'int' から 'FLOAT' への変換です。データが失われる可能性があります。
  main.cpp
  keybod.cpp
  InputMouse.cpp
  input.cpp
  explosion.cpp
  enemy.cpp
e:\desktop\employmentactivities\提出用共有ファイル\masalaworks\吉田学園情報ビジネス専門学校＿東村哲士\作品1\コード\a game like invader\enemy.cpp(52): warning C4305: '+=': 'double' から 'float' へ切り詰めます。
  コードを生成中...
  コンパイル中...
  CreateStage.cpp
e:\desktop\employmentactivities\提出用共有ファイル\masalaworks\吉田学園情報ビジネス専門学校＿東村哲士\作品1\コード\a game like invader\createstage.cpp(64): warning C4244: '引数': 'int' から 'FLOAT' への変換です。データが失われる可能性があります。
e:\desktop\employmentactivities\提出用共有ファイル\masalaworks\吉田学園情報ビジネス専門学校＿東村哲士\作品1\コード\a game like invader\createstage.cpp(92): warning C4244: '引数': 'int' から 'FLOAT' への変換です。データが失われる可能性があります。
e:\desktop\employmentactivities\提出用共有ファイル\masalaworks\吉田学園情報ビジネス専門学校＿東村哲士\作品1\コード\a game like invader\createstage.cpp(103): warning C4244: '=': 'int' から 'float' への変換です。データが失われる可能性があります。
e:\desktop\employmentactivities\提出用共有ファイル\masalaworks\吉田学園情報ビジネス専門学校＿東村哲士\作品1\コード\a game like invader\createstage.cpp(104): warning C4244: '=': 'int' から 'float' への変換です。データが失われる可能性があります。
e:\desktop\employmentactivities\提出用共有ファイル\masalaworks\吉田学園情報ビジネス専門学校＿東村哲士\作品1\コード\a game like invader\createstage.cpp(276): warning C4244: '引数': 'float' から 'int' への変換です。データが失われる可能性があります。
  bullet.cpp
  boss.cpp
e:\desktop\employmentactivities\提出用共有ファイル\masalaworks\吉田学園情報ビジネス専門学校＿東村哲士\作品1\コード\a game like invader\boss.cpp(54): warning C4244: '引数': 'int' から 'FLOAT' への変換です。データが失われる可能性があります。
e:\desktop\employmentactivities\提出用共有ファイル\masalaworks\吉田学園情報ビジネス専門学校＿東村哲士\作品1\コード\a game like invader\boss.cpp(65): warning C4244: '引数': 'int' から 'FLOAT' への変換です。データが失われる可能性があります。
e:\desktop\employmentactivities\提出用共有ファイル\masalaworks\吉田学園情報ビジネス専門学校＿東村哲士\作品1\コード\a game like invader\boss.cpp(68): warning C4244: '引数': 'int' から 'FLOAT' への変換です。データが失われる可能性があります。
e:\desktop\employmentactivities\提出用共有ファイル\masalaworks\吉田学園情報ビジネス専門学校＿東村哲士\作品1\コード\a game like invader\boss.cpp(87): warning C4244: '引数': 'float' から 'int' への変換です。データが失われる可能性があります。
e:\desktop\employmentactivities\提出用共有ファイル\masalaworks\吉田学園情報ビジネス専門学校＿東村哲士\作品1\コード\a game like invader\boss.cpp(87): warning C4244: '引数': 'int' から 'FLOAT' への変換です。データが失われる可能性があります。
e:\desktop\employmentactivities\提出用共有ファイル\masalaworks\吉田学園情報ビジネス専門学校＿東村哲士\作品1\コード\a game like invader\boss.cpp(106): warning C4244: '引数': 'int' から 'FLOAT' への変換です。データが失われる可能性があります。
e:\desktop\employmentactivities\提出用共有ファイル\masalaworks\吉田学園情報ビジネス専門学校＿東村哲士\作品1\コード\a game like invader\boss.cpp(114): warning C4244: '引数': 'float' から 'int' への変換です。データが失われる可能性があります。
e:\desktop\employmentactivities\提出用共有ファイル\masalaworks\吉田学園情報ビジネス専門学校＿東村哲士\作品1\コード\a game like invader\boss.cpp(114): warning C4244: '引数': 'int' から 'FLOAT' への変換です。データが失われる可能性があります。
e:\desktop\employmentactivities\提出用共有ファイル\masalaworks\吉田学園情報ビジネス専門学校＿東村哲士\作品1\コード\a game like invader\boss.cpp(133): warning C4244: '引数': 'int' から 'FLOAT' への変換です。データが失われる可能性があります。
  bg.cpp
  animal.cpp
e:\desktop\employmentactivities\提出用共有ファイル\masalaworks\吉田学園情報ビジネス専門学校＿東村哲士\作品1\コード\a game like invader\animal.cpp(181): warning C4244: '引数': 'int' から 'FLOAT' への変換です。データが失われる可能性があります。
  コードを生成中...
  A game like invader.vcxproj -> E:\desktop\EmploymentActivities\提出用共有ファイル\MasalaWorks\吉田学園情報ビジネス専門学校＿東村哲士\作品1\コード\Debug\A game like invader.exe
  A game like invader.vcxproj -> E:\desktop\EmploymentActivities\提出用共有ファイル\MasalaWorks\吉田学園情報ビジネス専門学校＿東村哲士\作品1\コード\Debug\A game like invader.pdb (Full PDB)
